<?xml version="1.0" encoding="UTF-8"?>
<testsuite name="com.mindex.challenge.ChallengeApplicationTests" tests="1" skipped="0" failures="0" errors="0" timestamp="2023-01-31T19:58:52" hostname="Tests-MacBook-Pro.local" time="0.002">
  <properties/>
  <testcase name="contextLoads" classname="com.mindex.challenge.ChallengeApplicationTests" time="0.002"/>
  <system-out><![CDATA[2023-01-31 11:58:52.370  INFO 19707 --- [    Test worker] .b.t.c.SpringBootTestContextBootstrapper : Neither @ContextConfiguration nor @ContextHierarchy found for test class [com.mindex.challenge.ChallengeApplicationTests], using SpringBootContextLoader
2023-01-31 11:58:52.370  INFO 19707 --- [    Test worker] o.s.t.c.support.AbstractContextLoader    : Could not detect default resource locations for test class [com.mindex.challenge.ChallengeApplicationTests]: no resource found for suffixes {-context.xml, Context.groovy}.
2023-01-31 11:58:52.371  INFO 19707 --- [    Test worker] t.c.s.AnnotationConfigContextLoaderUtils : Could not detect default configuration classes for test class [com.mindex.challenge.ChallengeApplicationTests]: ChallengeApplicationTests does not declare any static, non-private, non-final, nested classes annotated with @Configuration.
2023-01-31 11:58:52.372  INFO 19707 --- [    Test worker] .b.t.c.SpringBootTestContextBootstrapper : Found @SpringBootConfiguration com.mindex.challenge.ChallengeApplication for test class com.mindex.challenge.ChallengeApplicationTests
2023-01-31 11:58:52.373  INFO 19707 --- [    Test worker] .b.t.c.SpringBootTestContextBootstrapper : Loaded default TestExecutionListener class names from location [META-INF/spring.factories]: [org.springframework.boot.test.autoconfigure.restdocs.RestDocsTestExecutionListener, org.springframework.boot.test.autoconfigure.web.client.MockRestServiceServerResetTestExecutionListener, org.springframework.boot.test.autoconfigure.web.servlet.MockMvcPrintOnlyOnFailureTestExecutionListener, org.springframework.boot.test.autoconfigure.web.servlet.WebDriverTestExecutionListener, org.springframework.boot.test.mock.mockito.MockitoTestExecutionListener, org.springframework.boot.test.mock.mockito.ResetMocksTestExecutionListener, org.springframework.test.context.web.ServletTestExecutionListener, org.springframework.test.context.support.DirtiesContextBeforeModesTestExecutionListener, org.springframework.test.context.support.DependencyInjectionTestExecutionListener, org.springframework.test.context.support.DirtiesContextTestExecutionListener, org.springframework.test.context.transaction.TransactionalTestExecutionListener, org.springframework.test.context.jdbc.SqlScriptsTestExecutionListener, org.springframework.test.context.event.EventPublishingTestExecutionListener]
2023-01-31 11:58:52.373  INFO 19707 --- [    Test worker] .b.t.c.SpringBootTestContextBootstrapper : Using TestExecutionListeners: [org.springframework.test.context.web.ServletTestExecutionListener@1d9af731, org.springframework.test.context.support.DirtiesContextBeforeModesTestExecutionListener@39afe59f, org.springframework.boot.test.mock.mockito.MockitoTestExecutionListener@16f34376, org.springframework.boot.test.autoconfigure.SpringBootDependencyInjectionTestExecutionListener@4ede035e, org.springframework.test.context.support.DirtiesContextTestExecutionListener@43756cb, org.springframework.test.context.transaction.TransactionalTestExecutionListener@4272d8cf, org.springframework.test.context.jdbc.SqlScriptsTestExecutionListener@4e96cb04, org.springframework.test.context.event.EventPublishingTestExecutionListener@70ecf57b, org.springframework.boot.test.autoconfigure.restdocs.RestDocsTestExecutionListener@4e5364a3, org.springframework.boot.test.autoconfigure.web.client.MockRestServiceServerResetTestExecutionListener@1a336906, org.springframework.boot.test.autoconfigure.web.servlet.MockMvcPrintOnlyOnFailureTestExecutionListener@62054faf, org.springframework.boot.test.autoconfigure.web.servlet.WebDriverTestExecutionListener@75d539b9, org.springframework.boot.test.mock.mockito.ResetMocksTestExecutionListener@20f63ddc]
]]></system-out>
  <system-err><![CDATA[]]></system-err>
</testsuite>
