<?xml version="1.0" encoding="UTF-8"?>
<testsuite name="com.mindex.challenge.service.impl.EmployeeServiceImplTest" tests="3" skipped="0" failures="0" errors="0" timestamp="2023-01-31T19:58:53" hostname="Tests-MacBook-Pro.local" time="0.264">
  <properties/>
  <testcase name="testNumberOfReports" classname="com.mindex.challenge.service.impl.EmployeeServiceImplTest" time="0.145"/>
  <testcase name="testNumberOfReports_with_multiple_parents" classname="com.mindex.challenge.service.impl.EmployeeServiceImplTest" time="0.102"/>
  <testcase name="testCreateReadUpdate" classname="com.mindex.challenge.service.impl.EmployeeServiceImplTest" time="0.015"/>
  <system-out><![CDATA[2023-01-31 11:58:53.332  INFO 19707 --- [    Test worker] .b.t.c.SpringBootTestContextBootstrapper : Neither @ContextConfiguration nor @ContextHierarchy found for test class [com.mindex.challenge.service.impl.EmployeeServiceImplTest], using SpringBootContextLoader
2023-01-31 11:58:53.332  INFO 19707 --- [    Test worker] o.s.t.c.support.AbstractContextLoader    : Could not detect default resource locations for test class [com.mindex.challenge.service.impl.EmployeeServiceImplTest]: no resource found for suffixes {-context.xml, Context.groovy}.
2023-01-31 11:58:53.332  INFO 19707 --- [    Test worker] t.c.s.AnnotationConfigContextLoaderUtils : Could not detect default configuration classes for test class [com.mindex.challenge.service.impl.EmployeeServiceImplTest]: EmployeeServiceImplTest does not declare any static, non-private, non-final, nested classes annotated with @Configuration.
2023-01-31 11:58:53.333  INFO 19707 --- [    Test worker] .b.t.c.SpringBootTestContextBootstrapper : Found @SpringBootConfiguration com.mindex.challenge.ChallengeApplication for test class com.mindex.challenge.service.impl.EmployeeServiceImplTest
2023-01-31 11:58:53.334  INFO 19707 --- [    Test worker] .b.t.c.SpringBootTestContextBootstrapper : Loaded default TestExecutionListener class names from location [META-INF/spring.factories]: [org.springframework.boot.test.autoconfigure.restdocs.RestDocsTestExecutionListener, org.springframework.boot.test.autoconfigure.web.client.MockRestServiceServerResetTestExecutionListener, org.springframework.boot.test.autoconfigure.web.servlet.MockMvcPrintOnlyOnFailureTestExecutionListener, org.springframework.boot.test.autoconfigure.web.servlet.WebDriverTestExecutionListener, org.springframework.boot.test.mock.mockito.MockitoTestExecutionListener, org.springframework.boot.test.mock.mockito.ResetMocksTestExecutionListener, org.springframework.test.context.web.ServletTestExecutionListener, org.springframework.test.context.support.DirtiesContextBeforeModesTestExecutionListener, org.springframework.test.context.support.DependencyInjectionTestExecutionListener, org.springframework.test.context.support.DirtiesContextTestExecutionListener, org.springframework.test.context.transaction.TransactionalTestExecutionListener, org.springframework.test.context.jdbc.SqlScriptsTestExecutionListener, org.springframework.test.context.event.EventPublishingTestExecutionListener]
2023-01-31 11:58:53.334  INFO 19707 --- [    Test worker] .b.t.c.SpringBootTestContextBootstrapper : Using TestExecutionListeners: [org.springframework.test.context.web.ServletTestExecutionListener@612290d, org.springframework.test.context.support.DirtiesContextBeforeModesTestExecutionListener@57cff804, org.springframework.boot.test.mock.mockito.MockitoTestExecutionListener@2f39b534, org.springframework.boot.test.autoconfigure.SpringBootDependencyInjectionTestExecutionListener@60fbc34d, org.springframework.test.context.support.DirtiesContextTestExecutionListener@7736c41e, org.springframework.test.context.transaction.TransactionalTestExecutionListener@5f911d24, org.springframework.test.context.jdbc.SqlScriptsTestExecutionListener@3de383f7, org.springframework.test.context.event.EventPublishingTestExecutionListener@33ccead, org.springframework.boot.test.autoconfigure.restdocs.RestDocsTestExecutionListener@42ebece0, org.springframework.boot.test.autoconfigure.web.client.MockRestServiceServerResetTestExecutionListener@15c4b1a4, org.springframework.boot.test.autoconfigure.web.servlet.MockMvcPrintOnlyOnFailureTestExecutionListener@341964d0, org.springframework.boot.test.autoconfigure.web.servlet.WebDriverTestExecutionListener@51b59d58, org.springframework.boot.test.mock.mockito.ResetMocksTestExecutionListener@4ca4f762]
2023-01-31 11:58:53.346 DEBUG 19707 --- [o-auto-1-exec-4] c.m.c.controller.EmployeeController      : Received employee create request for [com.mindex.challenge.data.Employee@a4bedf0]
2023-01-31 11:58:53.346 DEBUG 19707 --- [o-auto-1-exec-4] c.m.c.service.impl.EmployeeServiceImpl   : Creating employee [com.mindex.challenge.data.Employee@a4bedf0]
2023-01-31 11:58:53.353 DEBUG 19707 --- [o-auto-1-exec-5] c.m.c.controller.EmployeeController      : Received employee create request for [com.mindex.challenge.data.Employee@403f85bd]
2023-01-31 11:58:53.353 DEBUG 19707 --- [o-auto-1-exec-5] c.m.c.service.impl.EmployeeServiceImpl   : Creating employee [com.mindex.challenge.data.Employee@403f85bd]
2023-01-31 11:58:53.358 DEBUG 19707 --- [o-auto-1-exec-6] c.m.c.controller.EmployeeController      : Received employee create request for [com.mindex.challenge.data.Employee@448643b5]
2023-01-31 11:58:53.358 DEBUG 19707 --- [o-auto-1-exec-6] c.m.c.service.impl.EmployeeServiceImpl   : Creating employee [com.mindex.challenge.data.Employee@448643b5]
2023-01-31 11:58:53.366 DEBUG 19707 --- [o-auto-1-exec-7] c.m.c.controller.EmployeeController      : Received employee create request for [com.mindex.challenge.data.Employee@1ee1e09a]
2023-01-31 11:58:53.366 DEBUG 19707 --- [o-auto-1-exec-7] c.m.c.service.impl.EmployeeServiceImpl   : Creating employee [com.mindex.challenge.data.Employee@1ee1e09a]
2023-01-31 11:58:53.373 DEBUG 19707 --- [o-auto-1-exec-8] c.m.c.controller.EmployeeController      : Received employee create request for [com.mindex.challenge.data.Employee@a55b32d]
2023-01-31 11:58:53.373 DEBUG 19707 --- [o-auto-1-exec-8] c.m.c.service.impl.EmployeeServiceImpl   : Creating employee [com.mindex.challenge.data.Employee@a55b32d]
2023-01-31 11:58:53.379 DEBUG 19707 --- [o-auto-1-exec-9] c.m.c.controller.EmployeeController      : Received employee create request for [com.mindex.challenge.data.Employee@799a3ab0]
2023-01-31 11:58:53.379 DEBUG 19707 --- [o-auto-1-exec-9] c.m.c.service.impl.EmployeeServiceImpl   : Creating employee [com.mindex.challenge.data.Employee@799a3ab0]
2023-01-31 11:58:53.385 DEBUG 19707 --- [-auto-1-exec-10] c.m.c.controller.EmployeeController      : Received employee create request for [com.mindex.challenge.data.Employee@43baeee2]
2023-01-31 11:58:53.385 DEBUG 19707 --- [-auto-1-exec-10] c.m.c.service.impl.EmployeeServiceImpl   : Creating employee [com.mindex.challenge.data.Employee@43baeee2]
2023-01-31 11:58:53.391 DEBUG 19707 --- [o-auto-1-exec-1] c.m.c.controller.EmployeeController      : Received employee create request for [com.mindex.challenge.data.Employee@719328d4]
2023-01-31 11:58:53.391 DEBUG 19707 --- [o-auto-1-exec-1] c.m.c.service.impl.EmployeeServiceImpl   : Creating employee [com.mindex.challenge.data.Employee@719328d4]
2023-01-31 11:58:53.401 DEBUG 19707 --- [o-auto-1-exec-2] c.m.c.controller.EmployeeController      : Received employee create request for id [8fe217d3-f6ee-4851-98c3-f8d717f345f4] and employee [com.mindex.challenge.data.Employee@45ae4277]
2023-01-31 11:58:53.401 DEBUG 19707 --- [o-auto-1-exec-2] c.m.c.service.impl.EmployeeServiceImpl   : Updating employee [com.mindex.challenge.data.Employee@45ae4277]
2023-01-31 11:58:53.439 DEBUG 19707 --- [o-auto-1-exec-3] c.m.c.controller.EmployeeController      : Received employee create request for id [d438f1c0-741d-4a3e-a872-f169048aece2] and employee [com.mindex.challenge.data.Employee@3572d0e2]
2023-01-31 11:58:53.439 DEBUG 19707 --- [o-auto-1-exec-3] c.m.c.service.impl.EmployeeServiceImpl   : Updating employee [com.mindex.challenge.data.Employee@3572d0e2]
2023-01-31 11:58:53.444 DEBUG 19707 --- [o-auto-1-exec-4] c.m.c.controller.EmployeeController      : Received employee create request for id [9a32258d-1fa5-4727-ae0d-c07b44db85f6] and employee [com.mindex.challenge.data.Employee@406b70b3]
2023-01-31 11:58:53.445 DEBUG 19707 --- [o-auto-1-exec-4] c.m.c.service.impl.EmployeeServiceImpl   : Updating employee [com.mindex.challenge.data.Employee@406b70b3]
2023-01-31 11:58:53.449 DEBUG 19707 --- [o-auto-1-exec-5] c.m.c.controller.EmployeeController      : Received employee create request for id [382e8ccd-ccd8-4461-872b-d939ce8c30af] and employee [com.mindex.challenge.data.Employee@4ef863ca]
2023-01-31 11:58:53.450 DEBUG 19707 --- [o-auto-1-exec-5] c.m.c.service.impl.EmployeeServiceImpl   : Updating employee [com.mindex.challenge.data.Employee@4ef863ca]
2023-01-31 11:58:53.455 DEBUG 19707 --- [o-auto-1-exec-6] c.m.c.controller.EmployeeController      : Received reporting structure request for id [d438f1c0-741d-4a3e-a872-f169048aece2]
2023-01-31 11:58:53.455 DEBUG 19707 --- [o-auto-1-exec-6] c.m.c.service.impl.EmployeeServiceImpl   : Creating employee with id [d438f1c0-741d-4a3e-a872-f169048aece2]
2023-01-31 11:58:53.458 DEBUG 19707 --- [o-auto-1-exec-6] c.m.c.service.impl.EmployeeServiceImpl   : Fetching number of reports of employee with id [d438f1c0-741d-4a3e-a872-f169048aece2]
2023-01-31 11:58:53.463  INFO 19707 --- [-server-worker3] d.b.mongo.wire.MongoWireProtocolHandler  : client [id: 0xfcec506d, L:/127.0.0.1:56802 - R:/127.0.0.1:56807] connected
2023-01-31 11:58:53.474  INFO 19707 --- [o-auto-1-exec-6] org.mongodb.driver.connection            : Opened connection [connectionId{localValue:5}] to 127.0.0.1:56802
2023-01-31 11:58:53.485 DEBUG 19707 --- [o-auto-1-exec-7] c.m.c.controller.EmployeeController      : Received employee create request for [com.mindex.challenge.data.Employee@511b070d]
2023-01-31 11:58:53.485 DEBUG 19707 --- [o-auto-1-exec-7] c.m.c.service.impl.EmployeeServiceImpl   : Creating employee [com.mindex.challenge.data.Employee@511b070d]
2023-01-31 11:58:53.490 DEBUG 19707 --- [o-auto-1-exec-8] c.m.c.controller.EmployeeController      : Received employee create request for [com.mindex.challenge.data.Employee@4924c17]
2023-01-31 11:58:53.490 DEBUG 19707 --- [o-auto-1-exec-8] c.m.c.service.impl.EmployeeServiceImpl   : Creating employee [com.mindex.challenge.data.Employee@4924c17]
2023-01-31 11:58:53.496 DEBUG 19707 --- [o-auto-1-exec-9] c.m.c.controller.EmployeeController      : Received employee create request for [com.mindex.challenge.data.Employee@3660d1c8]
2023-01-31 11:58:53.496 DEBUG 19707 --- [o-auto-1-exec-9] c.m.c.service.impl.EmployeeServiceImpl   : Creating employee [com.mindex.challenge.data.Employee@3660d1c8]
2023-01-31 11:58:53.504 DEBUG 19707 --- [-auto-1-exec-10] c.m.c.controller.EmployeeController      : Received employee create request for [com.mindex.challenge.data.Employee@4d7d08e5]
2023-01-31 11:58:53.504 DEBUG 19707 --- [-auto-1-exec-10] c.m.c.service.impl.EmployeeServiceImpl   : Creating employee [com.mindex.challenge.data.Employee@4d7d08e5]
2023-01-31 11:58:53.513 DEBUG 19707 --- [o-auto-1-exec-1] c.m.c.controller.EmployeeController      : Received employee create request for [com.mindex.challenge.data.Employee@318c5de]
2023-01-31 11:58:53.513 DEBUG 19707 --- [o-auto-1-exec-1] c.m.c.service.impl.EmployeeServiceImpl   : Creating employee [com.mindex.challenge.data.Employee@318c5de]
2023-01-31 11:58:53.520 DEBUG 19707 --- [o-auto-1-exec-2] c.m.c.controller.EmployeeController      : Received employee create request for [com.mindex.challenge.data.Employee@62127b3b]
2023-01-31 11:58:53.520 DEBUG 19707 --- [o-auto-1-exec-2] c.m.c.service.impl.EmployeeServiceImpl   : Creating employee [com.mindex.challenge.data.Employee@62127b3b]
2023-01-31 11:58:53.525 DEBUG 19707 --- [o-auto-1-exec-3] c.m.c.controller.EmployeeController      : Received employee create request for [com.mindex.challenge.data.Employee@2d3ab4e9]
2023-01-31 11:58:53.525 DEBUG 19707 --- [o-auto-1-exec-3] c.m.c.service.impl.EmployeeServiceImpl   : Creating employee [com.mindex.challenge.data.Employee@2d3ab4e9]
2023-01-31 11:58:53.530 DEBUG 19707 --- [o-auto-1-exec-4] c.m.c.controller.EmployeeController      : Received employee create request for [com.mindex.challenge.data.Employee@20224892]
2023-01-31 11:58:53.530 DEBUG 19707 --- [o-auto-1-exec-4] c.m.c.service.impl.EmployeeServiceImpl   : Creating employee [com.mindex.challenge.data.Employee@20224892]
2023-01-31 11:58:53.535 DEBUG 19707 --- [o-auto-1-exec-5] c.m.c.controller.EmployeeController      : Received employee create request for id [e10957fc-4058-48ec-8ca9-2bce0549f30d] and employee [com.mindex.challenge.data.Employee@4ac7eecd]
2023-01-31 11:58:53.535 DEBUG 19707 --- [o-auto-1-exec-5] c.m.c.service.impl.EmployeeServiceImpl   : Updating employee [com.mindex.challenge.data.Employee@4ac7eecd]
2023-01-31 11:58:53.541 DEBUG 19707 --- [o-auto-1-exec-6] c.m.c.controller.EmployeeController      : Received employee create request for id [0cb2b380-a16c-4bed-a487-87c5708fb14e] and employee [com.mindex.challenge.data.Employee@5ecb7e6c]
2023-01-31 11:58:53.541 DEBUG 19707 --- [o-auto-1-exec-6] c.m.c.service.impl.EmployeeServiceImpl   : Updating employee [com.mindex.challenge.data.Employee@5ecb7e6c]
2023-01-31 11:58:53.547 DEBUG 19707 --- [o-auto-1-exec-7] c.m.c.controller.EmployeeController      : Received employee create request for id [fd231524-73d8-430a-b309-d1d08a48da60] and employee [com.mindex.challenge.data.Employee@406fd884]
2023-01-31 11:58:53.547 DEBUG 19707 --- [o-auto-1-exec-7] c.m.c.service.impl.EmployeeServiceImpl   : Updating employee [com.mindex.challenge.data.Employee@406fd884]
2023-01-31 11:58:53.552 DEBUG 19707 --- [o-auto-1-exec-8] c.m.c.controller.EmployeeController      : Received employee create request for id [e11b3ac4-905f-48bf-980c-6fd70ddd9c0f] and employee [com.mindex.challenge.data.Employee@add85d]
2023-01-31 11:58:53.552 DEBUG 19707 --- [o-auto-1-exec-8] c.m.c.service.impl.EmployeeServiceImpl   : Updating employee [com.mindex.challenge.data.Employee@add85d]
2023-01-31 11:58:53.558 DEBUG 19707 --- [o-auto-1-exec-9] c.m.c.controller.EmployeeController      : Received employee create request for id [0cb2b380-a16c-4bed-a487-87c5708fb14e] and employee [com.mindex.challenge.data.Employee@1e07220e]
2023-01-31 11:58:53.558 DEBUG 19707 --- [o-auto-1-exec-9] c.m.c.service.impl.EmployeeServiceImpl   : Updating employee [com.mindex.challenge.data.Employee@1e07220e]
2023-01-31 11:58:53.564 DEBUG 19707 --- [-auto-1-exec-10] c.m.c.controller.EmployeeController      : Received reporting structure request for id [0cb2b380-a16c-4bed-a487-87c5708fb14e]
2023-01-31 11:58:53.564 DEBUG 19707 --- [-auto-1-exec-10] c.m.c.service.impl.EmployeeServiceImpl   : Creating employee with id [0cb2b380-a16c-4bed-a487-87c5708fb14e]
2023-01-31 11:58:53.565 DEBUG 19707 --- [-auto-1-exec-10] c.m.c.service.impl.EmployeeServiceImpl   : Fetching number of reports of employee with id [0cb2b380-a16c-4bed-a487-87c5708fb14e]
2023-01-31 11:58:53.569  INFO 19707 --- [-server-worker4] d.b.mongo.wire.MongoWireProtocolHandler  : client [id: 0x7010c4e7, L:/127.0.0.1:56802 - R:/127.0.0.1:56812] connected
2023-01-31 11:58:53.571  INFO 19707 --- [onPool-worker-5] org.mongodb.driver.connection            : Opened connection [connectionId{localValue:6}] to 127.0.0.1:56802
2023-01-31 11:58:53.576 DEBUG 19707 --- [o-auto-1-exec-1] c.m.c.controller.EmployeeController      : Received reporting structure request for id [e10957fc-4058-48ec-8ca9-2bce0549f30d]
2023-01-31 11:58:53.576 DEBUG 19707 --- [o-auto-1-exec-1] c.m.c.service.impl.EmployeeServiceImpl   : Creating employee with id [e10957fc-4058-48ec-8ca9-2bce0549f30d]
2023-01-31 11:58:53.577 DEBUG 19707 --- [o-auto-1-exec-1] c.m.c.service.impl.EmployeeServiceImpl   : Fetching number of reports of employee with id [e10957fc-4058-48ec-8ca9-2bce0549f30d]
2023-01-31 11:58:53.588 DEBUG 19707 --- [o-auto-1-exec-2] c.m.c.controller.EmployeeController      : Received employee create request for [com.mindex.challenge.data.Employee@c5124ed]
2023-01-31 11:58:53.588 DEBUG 19707 --- [o-auto-1-exec-2] c.m.c.service.impl.EmployeeServiceImpl   : Creating employee [com.mindex.challenge.data.Employee@c5124ed]
2023-01-31 11:58:53.592 DEBUG 19707 --- [o-auto-1-exec-3] c.m.c.controller.EmployeeController      : Received employee create request for id [fc6f6ed5-9646-427c-b1b7-4f0553ba25c7]
2023-01-31 11:58:53.592 DEBUG 19707 --- [o-auto-1-exec-3] c.m.c.service.impl.EmployeeServiceImpl   : Creating employee with id [fc6f6ed5-9646-427c-b1b7-4f0553ba25c7]
2023-01-31 11:58:53.596 DEBUG 19707 --- [o-auto-1-exec-4] c.m.c.controller.EmployeeController      : Received employee create request for id [fc6f6ed5-9646-427c-b1b7-4f0553ba25c7] and employee [com.mindex.challenge.data.Employee@3b575acd]
2023-01-31 11:58:53.596 DEBUG 19707 --- [o-auto-1-exec-4] c.m.c.service.impl.EmployeeServiceImpl   : Updating employee [com.mindex.challenge.data.Employee@3b575acd]
]]></system-out>
  <system-err><![CDATA[]]></system-err>
</testsuite>
